<?xml version="1.0" encoding="UTF-8"?>
<testsuite name="LibrarySuite" tests="1" skipped="0" failures="0" errors="0" timestamp="2018-11-29T01:29:09" hostname="meowington-on-the-go" time="0.022">
  <properties/>
  <testcase name="someLibraryMethod is always true" classname="LibrarySuite" time="0.022"/>
  <system-out><![CDATA[]]></system-out>
  <system-err><![CDATA[]]></system-err>
</testsuite>
